<?xml version="1.0" encoding="UTF-8"?>
<!-- Generated by org.testng.reporters.JUnitXMLReporter -->
<testsuite ignored="0" hostname="Devadharshini" failures="0" tests="2" name="Error Validations test" time="28.036" errors="0" timestamp="2026-07-11T21:30:22 BST">
  <testcase classname="rahulshettyacademy.SeleniumFrameworkProject.ErrorValidationsTest" name="LoginErrorValidation" time="1.175"/>
  <testcase classname="rahulshettyacademy.SeleniumFrameworkProject.ErrorValidationsTest" name="ProductErrorValidation" time="4.523"/>
</testsuite> <!-- Error Validations test -->
