<?xml version="1.0" encoding="UTF-8"?>
<!-- Generated by org.testng.reporters.JUnitXMLReporter -->
<testsuite ignored="0" hostname="Devadharshini" failures="0" tests="3" name="Final Standalone Test" time="37.95" errors="0" timestamp="2026-07-11T21:30:31 BST">
  <testcase classname="rahulshettyacademy.SeleniumFrameworkProject.FinalStandaloneTest" name="FinalStandalone" time="6.099"/>
  <testcase classname="rahulshettyacademy.SeleniumFrameworkProject.FinalStandaloneTest" name="FinalStandalone" time="4.946"/>
  <testcase classname="rahulshettyacademy.SeleniumFrameworkProject.FinalStandaloneTest" name="OrderHistoryTest" time="1.689"/>
</testsuite> <!-- Final Standalone Test -->
