<?xml version="1.0" encoding="UTF-8"?>
<testng-results ignored="0" total="5" passed="5" failed="0" skipped="0">
  <reporter-output>
  </reporter-output>
  <suite started-at="2026-07-11T21:29:53 BST" name="Suite" finished-at="2026-07-11T21:30:31 BST" duration-ms="37950">
    <groups>
      <group name="Purchase">
        <method signature="FinalStandaloneTest.FinalStandalone(java.util.HashMap)[pri:0, instance:rahulshettyacademy.SeleniumFrameworkProject.FinalStandaloneTest@2e570ded]" name="FinalStandalone" class="rahulshettyacademy.SeleniumFrameworkProject.FinalStandaloneTest"/>
        <method signature="ErrorValidationsTest.LoginErrorValidation()[pri:0, instance:rahulshettyacademy.SeleniumFrameworkProject.ErrorValidationsTest@266374ef]" name="LoginErrorValidation" class="rahulshettyacademy.SeleniumFrameworkProject.ErrorValidationsTest"/>
      </group> <!-- Purchase -->
    </groups>
    <test started-at="2026-07-11T21:29:53 BST" name="Error Validations test" finished-at="2026-07-11T21:30:22 BST" duration-ms="28036">
      <class name="rahulshettyacademy.SeleniumFrameworkProject.ErrorValidationsTest">
        <test-method is-config="true" signature="launchApplication()[pri:0, instance:rahulshettyacademy.SeleniumFrameworkProject.ErrorValidationsTest@266374ef]" started-at="2026-07-11T21:29:54 BST" name="launchApplication" finished-at="2026-07-11T21:30:09 BST" duration-ms="15863" status="PASS">
          <reporter-output>
          </reporter-output>
        </test-method> <!-- launchApplication -->
        <test-method signature="LoginErrorValidation()[pri:0, instance:rahulshettyacademy.SeleniumFrameworkProject.ErrorValidationsTest@266374ef]" started-at="2026-07-11T21:30:09 BST" name="LoginErrorValidation" finished-at="2026-07-11T21:30:11 BST" duration-ms="1175" status="PASS">
          <reporter-output>
          </reporter-output>
        </test-method> <!-- LoginErrorValidation -->
        <test-method is-config="true" signature="tearDown()[pri:0, instance:rahulshettyacademy.SeleniumFrameworkProject.ErrorValidationsTest@266374ef]" started-at="2026-07-11T21:30:13 BST" name="tearDown" finished-at="2026-07-11T21:30:13 BST" duration-ms="115" status="PASS">
          <reporter-output>
          </reporter-output>
        </test-method> <!-- tearDown -->
        <test-method is-config="true" signature="launchApplication()[pri:0, instance:rahulshettyacademy.SeleniumFrameworkProject.ErrorValidationsTest@266374ef]" started-at="2026-07-11T21:30:13 BST" name="launchApplication" finished-at="2026-07-11T21:30:17 BST" duration-ms="4084" status="PASS">
          <reporter-output>
          </reporter-output>
        </test-method> <!-- launchApplication -->
        <test-method signature="ProductErrorValidation()[pri:0, instance:rahulshettyacademy.SeleniumFrameworkProject.ErrorValidationsTest@266374ef]" started-at="2026-07-11T21:30:17 BST" name="ProductErrorValidation" finished-at="2026-07-11T21:30:21 BST" duration-ms="4523" status="PASS">
          <reporter-output>
          </reporter-output>
        </test-method> <!-- ProductErrorValidation -->
        <test-method is-config="true" signature="tearDown()[pri:0, instance:rahulshettyacademy.SeleniumFrameworkProject.ErrorValidationsTest@266374ef]" started-at="2026-07-11T21:30:21 BST" name="tearDown" finished-at="2026-07-11T21:30:22 BST" duration-ms="112" status="PASS">
          <reporter-output>
          </reporter-output>
        </test-method> <!-- tearDown -->
      </class> <!-- rahulshettyacademy.SeleniumFrameworkProject.ErrorValidationsTest -->
    </test> <!-- Error Validations test -->
    <test started-at="2026-07-11T21:29:53 BST" name="Final Standalone Test" finished-at="2026-07-11T21:30:31 BST" duration-ms="37950">
      <class name="rahulshettyacademy.SeleniumFrameworkProject.FinalStandaloneTest">
        <test-method is-config="true" signature="launchApplication()[pri:0, instance:rahulshettyacademy.SeleniumFrameworkProject.FinalStandaloneTest@2e570ded]" started-at="2026-07-11T21:29:54 BST" name="launchApplication" finished-at="2026-07-11T21:30:10 BST" duration-ms="16272" status="PASS">
          <reporter-output>
          </reporter-output>
        </test-method> <!-- launchApplication -->
        <test-method signature="FinalStandalone(java.util.HashMap)[pri:0, instance:rahulshettyacademy.SeleniumFrameworkProject.FinalStandaloneTest@2e570ded]" started-at="2026-07-11T21:30:10 BST" name="FinalStandalone" data-provider="getData" finished-at="2026-07-11T21:30:16 BST" duration-ms="6099" status="PASS">
          <params>
            <param index="0">
              <value>
                <![CDATA[{password=Deva@2410, testId=order1, Productname=ZARA COAT 3, email=dharshinideva24@gmail.com}]]>
              </value>
            </param>
          </params>
          <reporter-output>
          </reporter-output>
        </test-method> <!-- FinalStandalone -->
        <test-method is-config="true" signature="tearDown()[pri:0, instance:rahulshettyacademy.SeleniumFrameworkProject.FinalStandaloneTest@2e570ded]" started-at="2026-07-11T21:30:17 BST" name="tearDown" finished-at="2026-07-11T21:30:17 BST" duration-ms="64" status="PASS">
          <reporter-output>
          </reporter-output>
        </test-method> <!-- tearDown -->
        <test-method is-config="true" signature="launchApplication()[pri:0, instance:rahulshettyacademy.SeleniumFrameworkProject.FinalStandaloneTest@2e570ded]" started-at="2026-07-11T21:30:17 BST" name="launchApplication" finished-at="2026-07-11T21:30:21 BST" duration-ms="3887" status="PASS">
          <reporter-output>
          </reporter-output>
        </test-method> <!-- launchApplication -->
        <test-method signature="FinalStandalone(java.util.HashMap)[pri:0, instance:rahulshettyacademy.SeleniumFrameworkProject.FinalStandaloneTest@2e570ded]" started-at="2026-07-11T21:30:21 BST" name="FinalStandalone" data-provider="getData" finished-at="2026-07-11T21:30:26 BST" duration-ms="4946" status="PASS">
          <params>
            <param index="0">
              <value>
                <![CDATA[{password=Deva@2410, testId=order2, Productname=ADIDAS ORIGINAL, email=dharshinideva24@gmail.com}]]>
              </value>
            </param>
          </params>
          <reporter-output>
          </reporter-output>
        </test-method> <!-- FinalStandalone -->
        <test-method is-config="true" signature="tearDown()[pri:0, instance:rahulshettyacademy.SeleniumFrameworkProject.FinalStandaloneTest@2e570ded]" started-at="2026-07-11T21:30:26 BST" name="tearDown" finished-at="2026-07-11T21:30:26 BST" duration-ms="59" status="PASS">
          <reporter-output>
          </reporter-output>
        </test-method> <!-- tearDown -->
        <test-method is-config="true" signature="launchApplication()[pri:0, instance:rahulshettyacademy.SeleniumFrameworkProject.FinalStandaloneTest@2e570ded]" started-at="2026-07-11T21:30:26 BST" name="launchApplication" finished-at="2026-07-11T21:30:30 BST" duration-ms="3726" status="PASS">
          <reporter-output>
          </reporter-output>
        </test-method> <!-- launchApplication -->
        <test-method signature="OrderHistoryTest()[pri:0, instance:rahulshettyacademy.SeleniumFrameworkProject.FinalStandaloneTest@2e570ded]" started-at="2026-07-11T21:30:30 BST" name="OrderHistoryTest" finished-at="2026-07-11T21:30:31 BST" depends-on-methods="rahulshettyacademy.SeleniumFrameworkProject.FinalStandaloneTest.FinalStandalone" duration-ms="1689" status="PASS">
          <reporter-output>
          </reporter-output>
        </test-method> <!-- OrderHistoryTest -->
        <test-method is-config="true" signature="tearDown()[pri:0, instance:rahulshettyacademy.SeleniumFrameworkProject.FinalStandaloneTest@2e570ded]" started-at="2026-07-11T21:30:31 BST" name="tearDown" finished-at="2026-07-11T21:30:31 BST" duration-ms="111" status="PASS">
          <reporter-output>
          </reporter-output>
        </test-method> <!-- tearDown -->
      </class> <!-- rahulshettyacademy.SeleniumFrameworkProject.FinalStandaloneTest -->
    </test> <!-- Final Standalone Test -->
  </suite> <!-- Suite -->
</testng-results>
