<?xml version="1.0" encoding="UTF-8"?>
<!-- Generated by org.testng.reporters.JUnitReportReporter -->
<testsuite hostname="Devadharshini" failures="0" tests="1" name="rahulshettyacademy.SeleniumFrameworkProject.FinalStandalone" time="16.579" errors="0" timestamp="2026-07-07T17:01:33 BST" skipped="0">
  <testcase classname="rahulshettyacademy.SeleniumFrameworkProject.FinalStandalone" name="FinalStandalone" time="16.579"/>
</testsuite> <!-- rahulshettyacademy.SeleniumFrameworkProject.FinalStandalone -->
