<?xml version="1.0" encoding="UTF-8"?>
<!-- Generated by org.testng.reporters.JUnitReportReporter -->
<testsuite hostname="Devadharshini" failures="0" tests="3" name="rahulshettyacademy.SeleniumFrameworkProject.FinalStandaloneTest" time="36.853" errors="0" timestamp="2026-07-11T21:30:32 BST" skipped="0">
  <testcase classname="rahulshettyacademy.SeleniumFrameworkProject.FinalStandaloneTest" name="FinalStandalone" time="21.282"/>
  <testcase classname="rahulshettyacademy.SeleniumFrameworkProject.FinalStandaloneTest" name="OrderHistoryTest" time="5.635"/>
  <testcase classname="rahulshettyacademy.SeleniumFrameworkProject.FinalStandaloneTest" name="FinalStandalone" time="9.936"/>
</testsuite> <!-- rahulshettyacademy.SeleniumFrameworkProject.FinalStandaloneTest -->
