<?xml version="1.0" encoding="UTF-8"?>
<!-- Generated by org.testng.reporters.JUnitReportReporter -->
<testsuite hostname="Devadharshini" failures="0" tests="2" name="rahulshettyacademy.SeleniumFrameworkProject.ErrorValidationsTest" time="25.872" errors="0" timestamp="2026-07-11T21:30:32 BST" skipped="0">
  <testcase classname="rahulshettyacademy.SeleniumFrameworkProject.ErrorValidationsTest" name="LoginErrorValidation" time="5.374"/>
  <testcase classname="rahulshettyacademy.SeleniumFrameworkProject.ErrorValidationsTest" name="ProductErrorValidation" time="20.498"/>
</testsuite> <!-- rahulshettyacademy.SeleniumFrameworkProject.ErrorValidationsTest -->
